[debug] [2026-04-18T17:40:32.934Z] ----------------------------------------------------------------------
[debug] [2026-04-18T17:40:32.938Z] Command:       C:\Program Files\nodejs\node.exe C:\Users\Admin\AppData\Roaming\npm\node_modules\firebase-tools\lib\bin\firebase.js deploy
[debug] [2026-04-18T17:40:32.939Z] CLI Version:   15.15.0
[debug] [2026-04-18T17:40:32.939Z] Platform:      win32
[debug] [2026-04-18T17:40:32.939Z] Node Version:  v24.11.1
[debug] [2026-04-18T17:40:32.939Z] Time:          Sat Apr 18 2026 23:10:32 GMT+0530 (India Standard Time)
[debug] [2026-04-18T17:40:32.939Z] ----------------------------------------------------------------------
[debug] 
[debug] [2026-04-18T17:40:36.659Z] > command requires scopes: ["email","openid","https://www.googleapis.com/auth/cloudplatformprojects.readonly","https://www.googleapis.com/auth/firebase","https://www.googleapis.com/auth/cloud-platform"]
[debug] [2026-04-18T17:40:36.660Z] > authorizing via signed-in user (bharadkarpranati@gmail.com)
[debug] [2026-04-18T17:40:36.660Z] [iam] checking project venueflow-promptwars-apr2026 for permissions ["cloudfunctions.functions.create","cloudfunctions.functions.delete","cloudfunctions.functions.get","cloudfunctions.functions.list","cloudfunctions.functions.update","cloudfunctions.operations.get","datastore.indexes.create","datastore.indexes.delete","datastore.indexes.list","datastore.indexes.update","firebase.projects.get","firebasehosting.sites.update"]
[debug] [2026-04-18T17:40:36.661Z] Checked if tokens are valid: true, expires at: 1776537585808
[debug] [2026-04-18T17:40:36.661Z] Checked if tokens are valid: true, expires at: 1776537585808
[debug] [2026-04-18T17:40:36.662Z] >>> [apiv2][query] POST https://cloudresourcemanager.googleapis.com/v1/projects/venueflow-promptwars-apr2026:testIamPermissions [none]
[debug] [2026-04-18T17:40:36.662Z] >>> [apiv2][(partial)header] POST https://cloudresourcemanager.googleapis.com/v1/projects/venueflow-promptwars-apr2026:testIamPermissions  x-goog-user-project=venueflow-promptwars-apr2026
[debug] [2026-04-18T17:40:36.663Z] >>> [apiv2][body] POST https://cloudresourcemanager.googleapis.com/v1/projects/venueflow-promptwars-apr2026:testIamPermissions {"permissions":["cloudfunctions.functions.create","cloudfunctions.functions.delete","cloudfunctions.functions.get","cloudfunctions.functions.list","cloudfunctions.functions.update","cloudfunctions.operations.get","datastore.indexes.create","datastore.indexes.delete","datastore.indexes.list","datastore.indexes.update","firebase.projects.get","firebasehosting.sites.update"]}
[debug] [2026-04-18T17:40:38.060Z] <<< [apiv2][status] POST https://cloudresourcemanager.googleapis.com/v1/projects/venueflow-promptwars-apr2026:testIamPermissions 200
[debug] [2026-04-18T17:40:38.060Z] <<< [apiv2][body] POST https://cloudresourcemanager.googleapis.com/v1/projects/venueflow-promptwars-apr2026:testIamPermissions {"permissions":["cloudfunctions.functions.create","cloudfunctions.functions.delete","cloudfunctions.functions.get","cloudfunctions.functions.list","cloudfunctions.functions.update","cloudfunctions.operations.get","datastore.indexes.create","datastore.indexes.delete","datastore.indexes.list","datastore.indexes.update","firebase.projects.get","firebasehosting.sites.update"]}
[debug] [2026-04-18T17:40:38.061Z] Checked if tokens are valid: true, expires at: 1776537585808
[debug] [2026-04-18T17:40:38.061Z] Checked if tokens are valid: true, expires at: 1776537585808
[debug] [2026-04-18T17:40:38.061Z] >>> [apiv2][query] POST https://iam.googleapis.com/v1/projects/venueflow-promptwars-apr2026/serviceAccounts/venueflow-promptwars-apr2026@appspot.gserviceaccount.com:testIamPermissions [none]
[debug] [2026-04-18T17:40:38.061Z] >>> [apiv2][body] POST https://iam.googleapis.com/v1/projects/venueflow-promptwars-apr2026/serviceAccounts/venueflow-promptwars-apr2026@appspot.gserviceaccount.com:testIamPermissions {"permissions":["iam.serviceAccounts.actAs"]}
[debug] [2026-04-18T17:40:40.063Z] <<< [apiv2][status] POST https://iam.googleapis.com/v1/projects/venueflow-promptwars-apr2026/serviceAccounts/venueflow-promptwars-apr2026@appspot.gserviceaccount.com:testIamPermissions 200
[debug] [2026-04-18T17:40:40.064Z] <<< [apiv2][body] POST https://iam.googleapis.com/v1/projects/venueflow-promptwars-apr2026/serviceAccounts/venueflow-promptwars-apr2026@appspot.gserviceaccount.com:testIamPermissions {"permissions":["iam.serviceAccounts.actAs"]}
[debug] [2026-04-18T17:40:40.066Z] Checked if tokens are valid: true, expires at: 1776537585808
[debug] [2026-04-18T17:40:40.067Z] Checked if tokens are valid: true, expires at: 1776537585808
[debug] [2026-04-18T17:40:40.068Z] >>> [apiv2][query] GET https://firebase.googleapis.com/v1beta1/projects/venueflow-promptwars-apr2026 [none]
[debug] [2026-04-18T17:40:46.625Z] <<< [apiv2][status] GET https://firebase.googleapis.com/v1beta1/projects/venueflow-promptwars-apr2026 200
[debug] [2026-04-18T17:40:46.625Z] <<< [apiv2][body] GET https://firebase.googleapis.com/v1beta1/projects/venueflow-promptwars-apr2026 {"projectId":"venueflow-promptwars-apr2026","projectNumber":"872453960970","displayName":"venueflow-promptwars-apr2026","name":"projects/venueflow-promptwars-apr2026","resources":{"hostingSite":"venueflow-promptwars-apr2026"},"state":"ACTIVE","etag":"1_a772431d-b71e-4dc0-b055-78237313ae89"}
[info] 
[info] === Deploying to 'venueflow-promptwars-apr2026'...
[info] 
[info] i  deploying firestore, functions, hosting 
[info] i  firestore: ensuring required API firestore.googleapis.com is enabled... 
[debug] [2026-04-18T17:40:46.654Z] Checked if tokens are valid: true, expires at: 1776537585808
[debug] [2026-04-18T17:40:46.655Z] Checked if tokens are valid: true, expires at: 1776537585808
[debug] [2026-04-18T17:40:46.655Z] >>> [apiv2][query] GET https://serviceusage.googleapis.com/v1/projects/venueflow-promptwars-apr2026/services/firestore.googleapis.com [none]
[debug] [2026-04-18T17:40:46.655Z] >>> [apiv2][(partial)header] GET https://serviceusage.googleapis.com/v1/projects/venueflow-promptwars-apr2026/services/firestore.googleapis.com  x-goog-user-project=venueflow-promptwars-apr2026
[debug] [2026-04-18T17:40:48.682Z] <<< [apiv2][status] GET https://serviceusage.googleapis.com/v1/projects/venueflow-promptwars-apr2026/services/firestore.googleapis.com 200
[debug] [2026-04-18T17:40:48.683Z] <<< [apiv2][body] GET https://serviceusage.googleapis.com/v1/projects/venueflow-promptwars-apr2026/services/firestore.googleapis.com [omitted]
[info] +  firestore: required API firestore.googleapis.com is enabled 
[info] i  firestore: ensuring required API firestore.googleapis.com is enabled... 
[debug] [2026-04-18T17:40:49.104Z] Checked if tokens are valid: true, expires at: 1776537585808
[debug] [2026-04-18T17:40:49.104Z] Checked if tokens are valid: true, expires at: 1776537585808
[debug] [2026-04-18T17:40:49.105Z] >>> [apiv2][query] GET https://firestore.googleapis.com/v1/projects/venueflow-promptwars-apr2026/databases/(default) [none]
[debug] [2026-04-18T17:40:51.031Z] <<< [apiv2][status] GET https://firestore.googleapis.com/v1/projects/venueflow-promptwars-apr2026/databases/(default) 200
[debug] [2026-04-18T17:40:51.031Z] <<< [apiv2][body] GET https://firestore.googleapis.com/v1/projects/venueflow-promptwars-apr2026/databases/(default) {"name":"projects/venueflow-promptwars-apr2026/databases/(default)","uid":"e97daef9-c640-4674-932b-5f341efd1495","createTime":"2026-04-18T17:30:50.034634Z","updateTime":"2026-04-18T17:30:50.034634Z","locationId":"nam5","type":"FIRESTORE_NATIVE","concurrencyMode":"PESSIMISTIC","versionRetentionPeriod":"3600s","earliestVersionTime":"2026-04-18T17:30:50.034634Z","appEngineIntegrationMode":"DISABLED","keyPrefix":"s","pointInTimeRecoveryEnablement":"POINT_IN_TIME_RECOVERY_DISABLED","deleteProtectionState":"DELETE_PROTECTION_DISABLED","databaseEdition":"STANDARD","freeTier":true,"realtimeUpdatesMode":"REALTIME_UPDATES_MODE_ENABLED","etag":"ILDY14j595MDMMeDkvP295MD"}
[info] i  firestore: reading indexes from firestore.indexes.json... 
[info] i  cloud.firestore: checking firestore.rules for compilation errors... 
[debug] [2026-04-18T17:41:01.013Z] Checked if tokens are valid: true, expires at: 1776537585808
[debug] [2026-04-18T17:41:01.013Z] Checked if tokens are valid: true, expires at: 1776537585808
[debug] [2026-04-18T17:41:01.013Z] >>> [apiv2][query] POST https://firebaserules.googleapis.com/v1/projects/venueflow-promptwars-apr2026:test [none]
[debug] [2026-04-18T17:41:01.013Z] >>> [apiv2][body] POST https://firebaserules.googleapis.com/v1/projects/venueflow-promptwars-apr2026:test [omitted]
[debug] [2026-04-18T17:41:01.700Z] <<< [apiv2][status] POST https://firebaserules.googleapis.com/v1/projects/venueflow-promptwars-apr2026:test 200
[debug] [2026-04-18T17:41:01.700Z] <<< [apiv2][body] POST https://firebaserules.googleapis.com/v1/projects/venueflow-promptwars-apr2026:test {}
[info] +  cloud.firestore: rules file firestore.rules compiled successfully 
[debug] [2026-04-18T17:41:01.702Z] Checked if tokens are valid: true, expires at: 1776537585808
[debug] [2026-04-18T17:41:01.702Z] Checked if tokens are valid: true, expires at: 1776537585808
[debug] [2026-04-18T17:41:01.702Z] >>> [apiv2][query] GET https://cloudresourcemanager.googleapis.com/v1/projects/venueflow-promptwars-apr2026 [none]
[debug] [2026-04-18T17:41:04.266Z] <<< [apiv2][status] GET https://cloudresourcemanager.googleapis.com/v1/projects/venueflow-promptwars-apr2026 200
[debug] [2026-04-18T17:41:04.266Z] <<< [apiv2][body] GET https://cloudresourcemanager.googleapis.com/v1/projects/venueflow-promptwars-apr2026 {"projectNumber":"872453960970","projectId":"venueflow-promptwars-apr2026","lifecycleState":"ACTIVE","name":"venueflow-promptwars-apr2026","labels":{"firebase":"enabled","firebase-core":"disabled"},"createTime":"2026-04-18T16:54:26.621Z"}
[info] i  functions: preparing codebase default for deployment 
[info] i  functions: ensuring required API cloudfunctions.googleapis.com is enabled... 
[debug] [2026-04-18T17:41:04.268Z] Checked if tokens are valid: true, expires at: 1776537585808
[debug] [2026-04-18T17:41:04.268Z] Checked if tokens are valid: true, expires at: 1776537585808
[debug] [2026-04-18T17:41:04.268Z] Checked if tokens are valid: true, expires at: 1776537585808
[debug] [2026-04-18T17:41:04.269Z] Checked if tokens are valid: true, expires at: 1776537585808
[info] i  functions: ensuring required API cloudbuild.googleapis.com is enabled... 
[debug] [2026-04-18T17:41:04.269Z] Checked if tokens are valid: true, expires at: 1776537585808
[debug] [2026-04-18T17:41:04.269Z] Checked if tokens are valid: true, expires at: 1776537585808
[info] i  artifactregistry: ensuring required API artifactregistry.googleapis.com is enabled... 
[debug] [2026-04-18T17:41:04.270Z] Checked if tokens are valid: true, expires at: 1776537585808
[debug] [2026-04-18T17:41:04.270Z] Checked if tokens are valid: true, expires at: 1776537585808
[debug] [2026-04-18T17:41:04.270Z] >>> [apiv2][query] GET https://serviceusage.googleapis.com/v1/projects/venueflow-promptwars-apr2026/services/cloudfunctions.googleapis.com [none]
[debug] [2026-04-18T17:41:04.270Z] >>> [apiv2][(partial)header] GET https://serviceusage.googleapis.com/v1/projects/venueflow-promptwars-apr2026/services/cloudfunctions.googleapis.com  x-goog-user-project=venueflow-promptwars-apr2026
[debug] [2026-04-18T17:41:04.272Z] >>> [apiv2][query] GET https://serviceusage.googleapis.com/v1/projects/venueflow-promptwars-apr2026/services/runtimeconfig.googleapis.com [none]
[debug] [2026-04-18T17:41:04.272Z] >>> [apiv2][(partial)header] GET https://serviceusage.googleapis.com/v1/projects/venueflow-promptwars-apr2026/services/runtimeconfig.googleapis.com  x-goog-user-project=venueflow-promptwars-apr2026
[debug] [2026-04-18T17:41:04.273Z] >>> [apiv2][query] GET https://serviceusage.googleapis.com/v1/projects/venueflow-promptwars-apr2026/services/cloudbuild.googleapis.com [none]
[debug] [2026-04-18T17:41:04.273Z] >>> [apiv2][(partial)header] GET https://serviceusage.googleapis.com/v1/projects/venueflow-promptwars-apr2026/services/cloudbuild.googleapis.com  x-goog-user-project=venueflow-promptwars-apr2026
[debug] [2026-04-18T17:41:04.274Z] >>> [apiv2][query] GET https://serviceusage.googleapis.com/v1/projects/venueflow-promptwars-apr2026/services/artifactregistry.googleapis.com [none]
[debug] [2026-04-18T17:41:04.274Z] >>> [apiv2][(partial)header] GET https://serviceusage.googleapis.com/v1/projects/venueflow-promptwars-apr2026/services/artifactregistry.googleapis.com  x-goog-user-project=venueflow-promptwars-apr2026
[debug] [2026-04-18T17:41:06.058Z] <<< [apiv2][status] GET https://serviceusage.googleapis.com/v1/projects/venueflow-promptwars-apr2026/services/cloudbuild.googleapis.com 200
[debug] [2026-04-18T17:41:06.058Z] <<< [apiv2][body] GET https://serviceusage.googleapis.com/v1/projects/venueflow-promptwars-apr2026/services/cloudbuild.googleapis.com [omitted]
[warn] !  functions: missing required API cloudbuild.googleapis.com. Enabling now... 
[debug] [2026-04-18T17:41:06.059Z] Checked if tokens are valid: true, expires at: 1776537585808
[debug] [2026-04-18T17:41:06.059Z] Checked if tokens are valid: true, expires at: 1776537585808
[debug] [2026-04-18T17:41:06.059Z] >>> [apiv2][query] POST https://serviceusage.googleapis.com/v1/projects/venueflow-promptwars-apr2026/services/cloudbuild.googleapis.com:enable [none]
[debug] [2026-04-18T17:41:06.059Z] >>> [apiv2][(partial)header] POST https://serviceusage.googleapis.com/v1/projects/venueflow-promptwars-apr2026/services/cloudbuild.googleapis.com:enable  x-goog-user-project=venueflow-promptwars-apr2026
[debug] [2026-04-18T17:41:06.074Z] <<< [apiv2][status] GET https://serviceusage.googleapis.com/v1/projects/venueflow-promptwars-apr2026/services/runtimeconfig.googleapis.com 200
[debug] [2026-04-18T17:41:06.074Z] <<< [apiv2][body] GET https://serviceusage.googleapis.com/v1/projects/venueflow-promptwars-apr2026/services/runtimeconfig.googleapis.com [omitted]
[debug] [2026-04-18T17:41:06.096Z] <<< [apiv2][status] GET https://serviceusage.googleapis.com/v1/projects/venueflow-promptwars-apr2026/services/artifactregistry.googleapis.com 200
[debug] [2026-04-18T17:41:06.096Z] <<< [apiv2][body] GET https://serviceusage.googleapis.com/v1/projects/venueflow-promptwars-apr2026/services/artifactregistry.googleapis.com [omitted]
[info] +  artifactregistry: required API artifactregistry.googleapis.com is enabled 
[debug] [2026-04-18T17:41:06.146Z] <<< [apiv2][status] GET https://serviceusage.googleapis.com/v1/projects/venueflow-promptwars-apr2026/services/cloudfunctions.googleapis.com 200
[debug] [2026-04-18T17:41:06.146Z] <<< [apiv2][body] GET https://serviceusage.googleapis.com/v1/projects/venueflow-promptwars-apr2026/services/cloudfunctions.googleapis.com [omitted]
[info] +  functions: required API cloudfunctions.googleapis.com is enabled 
[debug] [2026-04-18T17:41:08.040Z] <<< [apiv2][status] POST https://serviceusage.googleapis.com/v1/projects/venueflow-promptwars-apr2026/services/cloudbuild.googleapis.com:enable 200
[debug] [2026-04-18T17:41:08.040Z] <<< [apiv2][body] POST https://serviceusage.googleapis.com/v1/projects/venueflow-promptwars-apr2026/services/cloudbuild.googleapis.com:enable [omitted]
[debug] [2026-04-18T17:41:18.520Z] Checked if tokens are valid: true, expires at: 1776537585808
[debug] [2026-04-18T17:41:18.520Z] Checked if tokens are valid: true, expires at: 1776537585808
[debug] [2026-04-18T17:41:18.520Z] >>> [apiv2][query] GET https://firebase.googleapis.com/v1beta1/projects/venueflow-promptwars-apr2026/adminSdkConfig [none]
[debug] [2026-04-18T17:41:18.937Z] <<< [apiv2][status] GET https://firebase.googleapis.com/v1beta1/projects/venueflow-promptwars-apr2026/adminSdkConfig 200
[debug] [2026-04-18T17:41:18.937Z] <<< [apiv2][body] GET https://firebase.googleapis.com/v1beta1/projects/venueflow-promptwars-apr2026/adminSdkConfig {"projectId":"venueflow-promptwars-apr2026","storageBucket":"venueflow-promptwars-apr2026.firebasestorage.app"}
[debug] [2026-04-18T17:41:18.937Z] Checked if tokens are valid: true, expires at: 1776537585808
[debug] [2026-04-18T17:41:18.937Z] Checked if tokens are valid: true, expires at: 1776537585808
[debug] [2026-04-18T17:41:18.937Z] >>> [apiv2][query] GET https://runtimeconfig.googleapis.com/v1beta1/projects/venueflow-promptwars-apr2026/configs [none]
[debug] [2026-04-18T17:41:22.153Z] <<< [apiv2][status] GET https://runtimeconfig.googleapis.com/v1beta1/projects/venueflow-promptwars-apr2026/configs 200
[debug] [2026-04-18T17:41:22.153Z] <<< [apiv2][body] GET https://runtimeconfig.googleapis.com/v1beta1/projects/venueflow-promptwars-apr2026/configs {}
[debug] [2026-04-18T17:41:22.417Z] Customer code is not Node
[debug] [2026-04-18T17:41:22.419Z] Validating python source
[debug] [2026-04-18T17:41:22.420Z] Building python source
[info] i  functions: Loading and analyzing source code for codebase default to determine what to deploy 
[debug] [2026-04-18T17:41:22.424Z] Could not find functions.yaml. Must use http discovery
[debug] [2026-04-18T17:41:22.438Z] Running command with virtualenv: command="C:\Users\Admin\Desktop\VenuSphere-PromptWars\backend\venv\Scripts\activate.bat", args=["","&&","python.exe","-c","\"import firebase_functions; import os; print(os.path.dirname(firebase_functions.__file__))\""]
[debug] [2026-04-18T17:41:25.798Z] stderr: The system cannot find the path specified.

[debug] [2026-04-18T17:41:26.555Z] Error: spawn "C:\Users\Admin\Desktop\VenuSphere-PromptWars\backend\venv\Scripts\activate.bat" ENOENT
    at notFoundError (C:\Users\Admin\AppData\Roaming\npm\node_modules\firebase-tools\node_modules\cross-spawn\lib\enoent.js:6:26)
    at verifyENOENT (C:\Users\Admin\AppData\Roaming\npm\node_modules\firebase-tools\node_modules\cross-spawn\lib\enoent.js:40:16)
    at cp.emit (C:\Users\Admin\AppData\Roaming\npm\node_modules\firebase-tools\node_modules\cross-spawn\lib\enoent.js:27:25)
    at ChildProcess._handle.onexit (node:internal/child_process:294:12)
[error] 
[error] Error: An unexpected error has occurred.
[debug] [2026-04-18T17:49:51.649Z] ----------------------------------------------------------------------
[debug] [2026-04-18T17:49:51.672Z] Command:       C:\Program Files\nodejs\node.exe C:\Users\Admin\AppData\Roaming\npm\node_modules\firebase-tools\lib\bin\firebase.js deploy
[debug] [2026-04-18T17:49:51.673Z] CLI Version:   15.15.0
[debug] [2026-04-18T17:49:51.673Z] Platform:      win32
[debug] [2026-04-18T17:49:51.673Z] Node Version:  v24.11.1
[debug] [2026-04-18T17:49:51.673Z] Time:          Sat Apr 18 2026 23:19:51 GMT+0530 (India Standard Time)
[debug] [2026-04-18T17:49:51.673Z] ----------------------------------------------------------------------
[debug] 
[debug] [2026-04-18T17:49:56.393Z] > command requires scopes: ["email","openid","https://www.googleapis.com/auth/cloudplatformprojects.readonly","https://www.googleapis.com/auth/firebase","https://www.googleapis.com/auth/cloud-platform"]
[debug] [2026-04-18T17:49:56.394Z] > authorizing via signed-in user (bharadkarpranati@gmail.com)
[debug] [2026-04-18T17:49:56.394Z] [iam] checking project venueflow-promptwars-apr2026 for permissions ["cloudfunctions.functions.create","cloudfunctions.functions.delete","cloudfunctions.functions.get","cloudfunctions.functions.list","cloudfunctions.functions.update","cloudfunctions.operations.get","datastore.indexes.create","datastore.indexes.delete","datastore.indexes.list","datastore.indexes.update","firebase.projects.get","firebasehosting.sites.update"]
[debug] [2026-04-18T17:49:56.396Z] Checked if tokens are valid: true, expires at: 1776537585808
[debug] [2026-04-18T17:49:56.396Z] Checked if tokens are valid: true, expires at: 1776537585808
[debug] [2026-04-18T17:49:56.397Z] >>> [apiv2][query] POST https://cloudresourcemanager.googleapis.com/v1/projects/venueflow-promptwars-apr2026:testIamPermissions [none]
[debug] [2026-04-18T17:49:56.397Z] >>> [apiv2][(partial)header] POST https://cloudresourcemanager.googleapis.com/v1/projects/venueflow-promptwars-apr2026:testIamPermissions  x-goog-user-project=venueflow-promptwars-apr2026
[debug] [2026-04-18T17:49:56.397Z] >>> [apiv2][body] POST https://cloudresourcemanager.googleapis.com/v1/projects/venueflow-promptwars-apr2026:testIamPermissions {"permissions":["cloudfunctions.functions.create","cloudfunctions.functions.delete","cloudfunctions.functions.get","cloudfunctions.functions.list","cloudfunctions.functions.update","cloudfunctions.operations.get","datastore.indexes.create","datastore.indexes.delete","datastore.indexes.list","datastore.indexes.update","firebase.projects.get","firebasehosting.sites.update"]}
[debug] [2026-04-18T17:49:57.980Z] <<< [apiv2][status] POST https://cloudresourcemanager.googleapis.com/v1/projects/venueflow-promptwars-apr2026:testIamPermissions 200
[debug] [2026-04-18T17:49:57.980Z] <<< [apiv2][body] POST https://cloudresourcemanager.googleapis.com/v1/projects/venueflow-promptwars-apr2026:testIamPermissions {"permissions":["cloudfunctions.functions.create","cloudfunctions.functions.delete","cloudfunctions.functions.get","cloudfunctions.functions.list","cloudfunctions.functions.update","cloudfunctions.operations.get","datastore.indexes.create","datastore.indexes.delete","datastore.indexes.list","datastore.indexes.update","firebase.projects.get","firebasehosting.sites.update"]}
[debug] [2026-04-18T17:49:57.980Z] Checked if tokens are valid: true, expires at: 1776537585808
[debug] [2026-04-18T17:49:57.980Z] Checked if tokens are valid: true, expires at: 1776537585808
[debug] [2026-04-18T17:49:57.980Z] >>> [apiv2][query] POST https://iam.googleapis.com/v1/projects/venueflow-promptwars-apr2026/serviceAccounts/venueflow-promptwars-apr2026@appspot.gserviceaccount.com:testIamPermissions [none]
[debug] [2026-04-18T17:49:57.980Z] >>> [apiv2][body] POST https://iam.googleapis.com/v1/projects/venueflow-promptwars-apr2026/serviceAccounts/venueflow-promptwars-apr2026@appspot.gserviceaccount.com:testIamPermissions {"permissions":["iam.serviceAccounts.actAs"]}
[debug] [2026-04-18T17:49:59.665Z] <<< [apiv2][status] POST https://iam.googleapis.com/v1/projects/venueflow-promptwars-apr2026/serviceAccounts/venueflow-promptwars-apr2026@appspot.gserviceaccount.com:testIamPermissions 200
[debug] [2026-04-18T17:49:59.665Z] <<< [apiv2][body] POST https://iam.googleapis.com/v1/projects/venueflow-promptwars-apr2026/serviceAccounts/venueflow-promptwars-apr2026@appspot.gserviceaccount.com:testIamPermissions {"permissions":["iam.serviceAccounts.actAs"]}
[debug] [2026-04-18T17:49:59.666Z] Checked if tokens are valid: true, expires at: 1776537585808
[debug] [2026-04-18T17:49:59.666Z] Checked if tokens are valid: true, expires at: 1776537585808
[debug] [2026-04-18T17:49:59.666Z] >>> [apiv2][query] GET https://firebase.googleapis.com/v1beta1/projects/venueflow-promptwars-apr2026 [none]
[debug] [2026-04-18T17:50:00.097Z] <<< [apiv2][status] GET https://firebase.googleapis.com/v1beta1/projects/venueflow-promptwars-apr2026 200
[debug] [2026-04-18T17:50:00.097Z] <<< [apiv2][body] GET https://firebase.googleapis.com/v1beta1/projects/venueflow-promptwars-apr2026 {"projectId":"venueflow-promptwars-apr2026","projectNumber":"872453960970","displayName":"venueflow-promptwars-apr2026","name":"projects/venueflow-promptwars-apr2026","resources":{"hostingSite":"venueflow-promptwars-apr2026"},"state":"ACTIVE","etag":"1_a772431d-b71e-4dc0-b055-78237313ae89"}
[info] 
[info] === Deploying to 'venueflow-promptwars-apr2026'...
[info] 
[info] i  deploying firestore, functions, hosting 
[info] i  firestore: ensuring required API firestore.googleapis.com is enabled... 
[info] i  firestore: ensuring required API firestore.googleapis.com is enabled... 
[debug] [2026-04-18T17:50:00.104Z] Checked if tokens are valid: true, expires at: 1776537585808
[debug] [2026-04-18T17:50:00.104Z] Checked if tokens are valid: true, expires at: 1776537585808
[debug] [2026-04-18T17:50:00.104Z] >>> [apiv2][query] GET https://firestore.googleapis.com/v1/projects/venueflow-promptwars-apr2026/databases/(default) [none]
[debug] [2026-04-18T17:50:01.830Z] <<< [apiv2][status] GET https://firestore.googleapis.com/v1/projects/venueflow-promptwars-apr2026/databases/(default) 200
[debug] [2026-04-18T17:50:01.830Z] <<< [apiv2][body] GET https://firestore.googleapis.com/v1/projects/venueflow-promptwars-apr2026/databases/(default) {"name":"projects/venueflow-promptwars-apr2026/databases/(default)","uid":"e97daef9-c640-4674-932b-5f341efd1495","createTime":"2026-04-18T17:30:50.034634Z","updateTime":"2026-04-18T17:30:50.034634Z","locationId":"nam5","type":"FIRESTORE_NATIVE","concurrencyMode":"PESSIMISTIC","versionRetentionPeriod":"3600s","earliestVersionTime":"2026-04-18T17:30:50.034634Z","appEngineIntegrationMode":"DISABLED","keyPrefix":"s","pointInTimeRecoveryEnablement":"POINT_IN_TIME_RECOVERY_DISABLED","deleteProtectionState":"DELETE_PROTECTION_DISABLED","databaseEdition":"STANDARD","freeTier":true,"realtimeUpdatesMode":"REALTIME_UPDATES_MODE_ENABLED","etag":"ILDxqo/795MDMMeDkvP295MD"}
[info] i  firestore: reading indexes from firestore.indexes.json... 
[info] i  cloud.firestore: checking firestore.rules for compilation errors... 
[debug] [2026-04-18T17:50:01.835Z] Checked if tokens are valid: true, expires at: 1776537585808
[debug] [2026-04-18T17:50:01.836Z] Checked if tokens are valid: true, expires at: 1776537585808
[debug] [2026-04-18T17:50:01.836Z] >>> [apiv2][query] POST https://firebaserules.googleapis.com/v1/projects/venueflow-promptwars-apr2026:test [none]
[debug] [2026-04-18T17:50:01.836Z] >>> [apiv2][body] POST https://firebaserules.googleapis.com/v1/projects/venueflow-promptwars-apr2026:test [omitted]
[debug] [2026-04-18T17:50:03.276Z] <<< [apiv2][status] POST https://firebaserules.googleapis.com/v1/projects/venueflow-promptwars-apr2026:test 200
[debug] [2026-04-18T17:50:03.276Z] <<< [apiv2][body] POST https://firebaserules.googleapis.com/v1/projects/venueflow-promptwars-apr2026:test {}
[info] +  cloud.firestore: rules file firestore.rules compiled successfully 
[debug] [2026-04-18T17:50:03.282Z] Checked if tokens are valid: true, expires at: 1776537585808
[debug] [2026-04-18T17:50:03.282Z] Checked if tokens are valid: true, expires at: 1776537585808
[debug] [2026-04-18T17:50:03.282Z] >>> [apiv2][query] GET https://cloudresourcemanager.googleapis.com/v1/projects/venueflow-promptwars-apr2026 [none]
[debug] [2026-04-18T17:50:04.773Z] <<< [apiv2][status] GET https://cloudresourcemanager.googleapis.com/v1/projects/venueflow-promptwars-apr2026 200
[debug] [2026-04-18T17:50:04.773Z] <<< [apiv2][body] GET https://cloudresourcemanager.googleapis.com/v1/projects/venueflow-promptwars-apr2026 {"projectNumber":"872453960970","projectId":"venueflow-promptwars-apr2026","lifecycleState":"ACTIVE","name":"venueflow-promptwars-apr2026","labels":{"firebase":"enabled","firebase-core":"disabled"},"createTime":"2026-04-18T16:54:26.621Z"}
[info] i  functions: preparing codebase default for deployment 
[info] i  functions: ensuring required API cloudfunctions.googleapis.com is enabled... 
[info] i  functions: ensuring required API cloudbuild.googleapis.com is enabled... 
[info] i  artifactregistry: ensuring required API artifactregistry.googleapis.com is enabled... 
[debug] [2026-04-18T17:50:04.783Z] Checked if tokens are valid: true, expires at: 1776537585808
[debug] [2026-04-18T17:50:04.783Z] Checked if tokens are valid: true, expires at: 1776537585808
[debug] [2026-04-18T17:50:04.783Z] >>> [apiv2][query] GET https://firebase.googleapis.com/v1beta1/projects/venueflow-promptwars-apr2026/adminSdkConfig [none]
[debug] [2026-04-18T17:50:05.163Z] <<< [apiv2][status] GET https://firebase.googleapis.com/v1beta1/projects/venueflow-promptwars-apr2026/adminSdkConfig 200
[debug] [2026-04-18T17:50:05.163Z] <<< [apiv2][body] GET https://firebase.googleapis.com/v1beta1/projects/venueflow-promptwars-apr2026/adminSdkConfig {"projectId":"venueflow-promptwars-apr2026","storageBucket":"venueflow-promptwars-apr2026.firebasestorage.app"}
[debug] [2026-04-18T17:50:05.165Z] Checked if tokens are valid: true, expires at: 1776537585808
[debug] [2026-04-18T17:50:05.165Z] Checked if tokens are valid: true, expires at: 1776537585808
[debug] [2026-04-18T17:50:05.166Z] >>> [apiv2][query] GET https://runtimeconfig.googleapis.com/v1beta1/projects/venueflow-promptwars-apr2026/configs [none]
[debug] [2026-04-18T17:50:06.531Z] <<< [apiv2][status] GET https://runtimeconfig.googleapis.com/v1beta1/projects/venueflow-promptwars-apr2026/configs 200
[debug] [2026-04-18T17:50:06.531Z] <<< [apiv2][body] GET https://runtimeconfig.googleapis.com/v1beta1/projects/venueflow-promptwars-apr2026/configs {}
[debug] [2026-04-18T17:50:06.537Z] Customer code is not Node
[debug] [2026-04-18T17:50:06.538Z] Validating python source
[debug] [2026-04-18T17:50:06.538Z] Building python source
[info] i  functions: Loading and analyzing source code for codebase default to determine what to deploy 
[debug] [2026-04-18T17:50:06.540Z] Could not find functions.yaml. Must use http discovery
[debug] [2026-04-18T17:50:06.555Z] Running command with virtualenv: command="C:\Users\Admin\Desktop\VenuSphere-PromptWars\backend\venv\Scripts\activate.bat", args=["","&&","python.exe","-c","\"import firebase_functions; import os; print(os.path.dirname(firebase_functions.__file__))\""]
[debug] [2026-04-18T17:50:06.662Z] stderr: The system cannot find the path specified.

[debug] [2026-04-18T17:50:06.875Z] Error: spawn "C:\Users\Admin\Desktop\VenuSphere-PromptWars\backend\venv\Scripts\activate.bat" ENOENT
    at notFoundError (C:\Users\Admin\AppData\Roaming\npm\node_modules\firebase-tools\node_modules\cross-spawn\lib\enoent.js:6:26)
    at verifyENOENT (C:\Users\Admin\AppData\Roaming\npm\node_modules\firebase-tools\node_modules\cross-spawn\lib\enoent.js:40:16)
    at cp.emit (C:\Users\Admin\AppData\Roaming\npm\node_modules\firebase-tools\node_modules\cross-spawn\lib\enoent.js:27:25)
    at ChildProcess._handle.onexit (node:internal/child_process:294:12)
[error] 
[error] Error: An unexpected error has occurred.
